0 verbose cli /usr/local/bin/node /usr/local/bin/npm
1 info using npm@10.5.0
2 info using node@v18.20.2
3 timing npm:load:whichnode Completed in 9ms
4 timing config:load:defaults Completed in 2ms
5 timing config:load:file:/usr/local/lib/node_modules/npm/npmrc Completed in 2ms
6 timing config:load:builtin Completed in 2ms
7 timing config:load:cli Completed in 13ms
8 timing config:load:env Completed in 0ms
9 timing config:load:project Completed in 56ms
10 timing config:load:file:/usr/src/node-red/.npmrc Completed in 0ms
11 timing config:load:user Completed in 0ms
12 timing config:load:file:/usr/local/etc/npmrc Completed in 3ms
13 timing config:load:global Completed in 3ms
14 timing config:load:setEnvs Completed in 13ms
15 timing config:load Completed in 90ms
16 timing npm:load:configload Completed in 90ms
17 timing config:load:flatten Completed in 6ms
18 timing npm:load:mkdirpcache Completed in 34ms
19 timing npm:load:mkdirplogs Completed in 4ms
20 verbose title npm
21 verbose argv "--version"
22 timing npm:load:setTitle Completed in 3ms
23 timing npm:load:display Completed in 3ms
24 verbose logfile logs-max:10 dir:/data/.npm/_logs/2024-04-26T06_25_09_409Z-
25 verbose logfile /data/.npm/_logs/2024-04-26T06_25_09_409Z-debug-0.log
26 timing npm:load:logFile Completed in 259ms
27 timing npm:load:timers Completed in 0ms
28 timing npm:load:configScope Completed in 1ms
29 timing npm:load Completed in 1077ms
30 verbose exit 0
31 timing npm Completed in 1091ms
32 info ok
